<?xml version="1.0" encoding="UTF-8"?>
<!-- Generated by org.testng.reporters.JUnitReportReporter -->
<testsuite hostname="TechAviator-PC" name="Scenario_Component.Scenario_Login" tests="1" failures="0" timestamp="12 Mar 2016 05:03:51 GMT" time="13.980" errors="0">
  <testcase name="TestInValidLogin" time="13.980" classname="Scenario_Component.Scenario_Login"/>
</testsuite> <!-- Scenario_Component.Scenario_Login -->
